<?xml version="1.0" encoding="UTF-8"?>
<testng-results ignored="0" total="1" passed="1" failed="0" skipped="0">
  <reporter-output>
  </reporter-output>
  <suite started-at="2024-10-09T14:58:40 IST" name="Default suite" finished-at="2024-10-09T14:58:59 IST" duration-ms="19222">
    <groups>
    </groups>
    <test started-at="2024-10-09T14:58:40 IST" name="Default test" finished-at="2024-10-09T14:58:59 IST" duration-ms="19222">
      <class name="api.test.UserTasks">
        <test-method is-config="true" signature="setup()[pri:0, instance:api.test.UserTasks@7c711375]" started-at="2024-10-09T14:58:40 IST" name="setup" finished-at="2024-10-09T14:58:40 IST" duration-ms="17" status="PASS">
          <reporter-output>
          </reporter-output>
        </test-method> <!-- setup -->
        <test-method signature="verifyFanCodeUserTaskCompletion()[pri:0, instance:api.test.UserTasks@7c711375]" started-at="2024-10-09T14:58:40 IST" name="verifyFanCodeUserTaskCompletion" finished-at="2024-10-09T14:58:59 IST" duration-ms="19153" status="PASS">
          <reporter-output>
          </reporter-output>
        </test-method> <!-- verifyFanCodeUserTaskCompletion -->
      </class> <!-- api.test.UserTasks -->
    </test> <!-- Default test -->
  </suite> <!-- Default suite -->
</testng-results>
